<?xml version="1.0" encoding="UTF-8"?>
<!-- Generated by org.testng.reporters.JUnitXMLReporter -->
<testsuite ignored="0" hostname="LAPTOP-NJ4R4OAH" failures="2" tests="4" name="Test" time="119.285" errors="0" timestamp="2022-10-02T18:00:10 IST">
  <testcase classname="com.CQA.POMTest.LoginPageTest" name="chromeLogin" time="1.038"/>
  <testcase classname="com.CQA.POMTest.LoginPageTest" name="validLoginPageWithXlsxDataTest" time="13.326">
    <failure type="java.lang.AssertionError" message="expected [(1) Facebook] but found [(7) Facebook]">
      <![CDATA[java.lang.AssertionError: expected [(1) Facebook] but found [(7) Facebook]
at com.CQA.POMTest.LoginPageTest.validLoginPageWithXlsxDataTest(LoginPageTest.java:57)
at java.base/java.util.ArrayList.forEach(ArrayList.java:1541)
... Removed 33 stack frames]]>
    </failure>
  </testcase> <!-- validLoginPageWithXlsxDataTest -->
  <testcase classname="com.CQA.POMTest.LoginPageTest" name="validLoginPageWithconfigDataTest" time="5.814">
    <failure type="java.lang.AssertionError" message="expected [(5) Facebook] but found [(7) Facebook]">
      <![CDATA[java.lang.AssertionError: expected [(5) Facebook] but found [(7) Facebook]
at com.CQA.POMTest.LoginPageTest.validLoginPageWithconfigDataTest(LoginPageTest.java:48)
at java.base/java.util.ArrayList.forEach(ArrayList.java:1541)
... Removed 33 stack frames]]>
    </failure>
  </testcase> <!-- validLoginPageWithconfigDataTest -->
  <testcase classname="com.CQA.POMTest.LoginPageTest" name="validateInvalidLoginCredTest" time="5.762"/>
</testsuite> <!-- Test -->
